
        2023-01-09 09:50:21.440775 
        Имя функции: hello_world
        Аргументы: () и {}
        Результат: Hello World
        
        2023-01-09 09:50:21.441106 
        Имя функции: summator
        Аргументы: (2, 2) и {}
        Результат: 4
        
        2023-01-09 09:50:21.441106 
        Имя функции: div
        Аргументы: (6, 2) и {}
        Результат: 3.0
        
        2023-01-09 09:50:21.441106 
        Имя функции: summator
        Аргументы: (4.3,) и {'b': 2.2}
        Результат: 6.5
        
        2023-01-09 09:50:21.442105 
        Имя функции: summator
        Аргументы: () и {'a': 0, 'b': 0}
        Результат: 0
        